<?xml version="1.0" encoding="UTF-8"?>
<testsuite xmlns:xsi="http://www.w3.org/2001/XMLSchema-instance" xsi:noNamespaceSchemaLocation="https://maven.apache.org/surefire/maven-surefire-plugin/xsd/surefire-test-report.xsd" name="com.sample.dao.BusinessDaoTest" time="0.635" tests="5" errors="0" skipped="0" failures="0">
  <properties>
[...]
</properties>
  <testcase name="testUpdateBusiness" classname="com.sample.dao.BusinessDaoTest" time="0.522"/>
  <testcase name="testInsertBusiness" classname="com.sample.dao.BusinessDaoTest" time="0"/>
  <testcase name="testGetBusinessDetail" classname="com.sample.dao.BusinessDaoTest" time="0.038"/>
  <testcase name="testQuickInsert" classname="com.sample.dao.BusinessDaoTest" time="0"/>
  <testcase name="testGetBusinessList" classname="com.sample.dao.BusinessDaoTest" time="0.033"/>
</testsuite>